<?xml version="1.0" encoding="UTF-8"?>
<testng-results ignored="0" total="16" passed="15" failed="1" skipped="0">
  <reporter-output>
  </reporter-output>
  <suite started-at="2022-11-07T01:01:33 ICT" name="Suite" finished-at="2022-11-07T01:03:14 ICT" duration-ms="100960">
    <groups>
    </groups>
    <test started-at="2022-11-07T01:01:33 ICT" name="Test1" finished-at="2022-11-07T01:03:14 ICT" duration-ms="100960">
      <class name="TestSuite.Contact">
        <test-method is-config="true" signature="beforeSuite()[pri:0, instance:TestSuite.Contact@1c72da34]" started-at="2022-11-07T01:01:33 ICT" name="beforeSuite" finished-at="2022-11-07T01:01:33 ICT" duration-ms="206" status="PASS">
          <reporter-output>
          </reporter-output>
        </test-method> <!-- beforeSuite -->
        <test-method is-config="true" signature="beforeClass(java.lang.String)[pri:0, instance:TestSuite.Contact@1c72da34]" started-at="2022-11-07T01:01:33 ICT" name="beforeClass" finished-at="2022-11-07T01:01:33 ICT" duration-ms="4" status="PASS">
          <params>
            <param index="0">
              <value>
                <![CDATA[Chrome]]>
              </value>
            </param>
          </params>
          <reporter-output>
          </reporter-output>
        </test-method> <!-- beforeClass -->
        <test-method is-config="true" signature="setUpClass()[pri:0, instance:TestSuite.Contact@1c72da34]" started-at="2022-11-07T01:01:33 ICT" name="setUpClass" finished-at="2022-11-07T01:01:43 ICT" duration-ms="10086" status="PASS">
          <reporter-output>
          </reporter-output>
        </test-method> <!-- setUpClass -->
        <test-method is-config="true" signature="setUpMethod(java.lang.reflect.Method)[pri:0, instance:TestSuite.Contact@1c72da34]" started-at="2022-11-07T01:01:43 ICT" name="setUpMethod" finished-at="2022-11-07T01:01:43 ICT" duration-ms="1" status="PASS">
          <params>
            <param index="0">
              <value>
                <![CDATA[public void TestSuite.Contact.MODULE1_01() throws java.io.IOException]]>
              </value>
            </param>
          </params>
          <reporter-output>
          </reporter-output>
        </test-method> <!-- setUpMethod -->
        <test-method signature="MODULE1_01()[pri:0, instance:TestSuite.Contact@1c72da34]" started-at="2022-11-07T01:01:43 ICT" name="MODULE1_01" finished-at="2022-11-07T01:01:51 ICT" duration-ms="8083" status="PASS">
          <reporter-output>
          </reporter-output>
        </test-method> <!-- MODULE1_01 -->
        <test-method is-config="true" signature="tearDownMethod(org.testng.ITestResult, java.lang.reflect.Method)[pri:0, instance:TestSuite.Contact@1c72da34]" started-at="2022-11-07T01:01:51 ICT" name="tearDownMethod" finished-at="2022-11-07T01:01:52 ICT" duration-ms="980" status="PASS">
          <params>
            <param index="0">
              <value>
                <![CDATA[[TestResult name=MODULE1_01 status=SUCCESS method=Contact.MODULE1_01()[pri:0, instance:TestSuite.Contact@1c72da34] output={null}]]]>
              </value>
            </param>
            <param index="1">
              <value>
                <![CDATA[public void TestSuite.Contact.MODULE1_01() throws java.io.IOException]]>
              </value>
            </param>
          </params>
          <reporter-output>
          </reporter-output>
        </test-method> <!-- tearDownMethod -->
        <test-method is-config="true" signature="afterMethod(org.testng.ITestResult, java.lang.reflect.Method)[pri:0, instance:TestSuite.Contact@1c72da34]" started-at="2022-11-07T01:01:52 ICT" name="afterMethod" finished-at="2022-11-07T01:01:52 ICT" duration-ms="190" status="PASS">
          <params>
            <param index="0">
              <value>
                <![CDATA[[TestResult name=MODULE1_01 status=SUCCESS method=Contact.MODULE1_01()[pri:0, instance:TestSuite.Contact@1c72da34] output={null}]]]>
              </value>
            </param>
            <param index="1">
              <value>
                <![CDATA[public void TestSuite.Contact.MODULE1_01() throws java.io.IOException]]>
              </value>
            </param>
          </params>
          <reporter-output>
          </reporter-output>
        </test-method> <!-- afterMethod -->
        <test-method signature="MODULE1_02()[pri:0, instance:TestSuite.Contact@1c72da34]" started-at="2022-11-07T01:01:52 ICT" name="MODULE1_02" finished-at="2022-11-07T01:01:57 ICT" duration-ms="4346" status="PASS">
          <reporter-output>
          </reporter-output>
        </test-method> <!-- MODULE1_02 -->
        <test-method is-config="true" signature="setUpMethod(java.lang.reflect.Method)[pri:0, instance:TestSuite.Contact@1c72da34]" started-at="2022-11-07T01:01:52 ICT" name="setUpMethod" finished-at="2022-11-07T01:01:52 ICT" duration-ms="0" status="PASS">
          <params>
            <param index="0">
              <value>
                <![CDATA[public void TestSuite.Contact.MODULE1_02() throws java.io.IOException]]>
              </value>
            </param>
          </params>
          <reporter-output>
          </reporter-output>
        </test-method> <!-- setUpMethod -->
        <test-method is-config="true" signature="tearDownMethod(org.testng.ITestResult, java.lang.reflect.Method)[pri:0, instance:TestSuite.Contact@1c72da34]" started-at="2022-11-07T01:01:57 ICT" name="tearDownMethod" finished-at="2022-11-07T01:01:58 ICT" duration-ms="774" status="PASS">
          <params>
            <param index="0">
              <value>
                <![CDATA[[TestResult name=MODULE1_02 status=SUCCESS method=Contact.MODULE1_02()[pri:0, instance:TestSuite.Contact@1c72da34] output={null}]]]>
              </value>
            </param>
            <param index="1">
              <value>
                <![CDATA[public void TestSuite.Contact.MODULE1_02() throws java.io.IOException]]>
              </value>
            </param>
          </params>
          <reporter-output>
          </reporter-output>
        </test-method> <!-- tearDownMethod -->
        <test-method is-config="true" signature="afterMethod(org.testng.ITestResult, java.lang.reflect.Method)[pri:0, instance:TestSuite.Contact@1c72da34]" started-at="2022-11-07T01:01:58 ICT" name="afterMethod" finished-at="2022-11-07T01:01:58 ICT" duration-ms="138" status="PASS">
          <params>
            <param index="0">
              <value>
                <![CDATA[[TestResult name=MODULE1_02 status=SUCCESS method=Contact.MODULE1_02()[pri:0, instance:TestSuite.Contact@1c72da34] output={null}]]]>
              </value>
            </param>
            <param index="1">
              <value>
                <![CDATA[public void TestSuite.Contact.MODULE1_02() throws java.io.IOException]]>
              </value>
            </param>
          </params>
          <reporter-output>
          </reporter-output>
        </test-method> <!-- afterMethod -->
        <test-method signature="MODULE1_03()[pri:0, instance:TestSuite.Contact@1c72da34]" started-at="2022-11-07T01:01:58 ICT" name="MODULE1_03" finished-at="2022-11-07T01:02:02 ICT" duration-ms="4171" status="PASS">
          <reporter-output>
          </reporter-output>
        </test-method> <!-- MODULE1_03 -->
        <test-method is-config="true" signature="setUpMethod(java.lang.reflect.Method)[pri:0, instance:TestSuite.Contact@1c72da34]" started-at="2022-11-07T01:01:58 ICT" name="setUpMethod" finished-at="2022-11-07T01:01:58 ICT" duration-ms="0" status="PASS">
          <params>
            <param index="0">
              <value>
                <![CDATA[public void TestSuite.Contact.MODULE1_03() throws java.io.IOException]]>
              </value>
            </param>
          </params>
          <reporter-output>
          </reporter-output>
        </test-method> <!-- setUpMethod -->
        <test-method is-config="true" signature="tearDownMethod(org.testng.ITestResult, java.lang.reflect.Method)[pri:0, instance:TestSuite.Contact@1c72da34]" started-at="2022-11-07T01:02:02 ICT" name="tearDownMethod" finished-at="2022-11-07T01:02:03 ICT" duration-ms="765" status="PASS">
          <params>
            <param index="0">
              <value>
                <![CDATA[[TestResult name=MODULE1_03 status=SUCCESS method=Contact.MODULE1_03()[pri:0, instance:TestSuite.Contact@1c72da34] output={null}]]]>
              </value>
            </param>
            <param index="1">
              <value>
                <![CDATA[public void TestSuite.Contact.MODULE1_03() throws java.io.IOException]]>
              </value>
            </param>
          </params>
          <reporter-output>
          </reporter-output>
        </test-method> <!-- tearDownMethod -->
        <test-method is-config="true" signature="afterMethod(org.testng.ITestResult, java.lang.reflect.Method)[pri:0, instance:TestSuite.Contact@1c72da34]" started-at="2022-11-07T01:02:03 ICT" name="afterMethod" finished-at="2022-11-07T01:02:03 ICT" duration-ms="172" status="PASS">
          <params>
            <param index="0">
              <value>
                <![CDATA[[TestResult name=MODULE1_03 status=SUCCESS method=Contact.MODULE1_03()[pri:0, instance:TestSuite.Contact@1c72da34] output={null}]]]>
              </value>
            </param>
            <param index="1">
              <value>
                <![CDATA[public void TestSuite.Contact.MODULE1_03() throws java.io.IOException]]>
              </value>
            </param>
          </params>
          <reporter-output>
          </reporter-output>
        </test-method> <!-- afterMethod -->
        <test-method is-config="true" signature="setUpMethod(java.lang.reflect.Method)[pri:0, instance:TestSuite.Contact@1c72da34]" started-at="2022-11-07T01:02:03 ICT" name="setUpMethod" finished-at="2022-11-07T01:02:03 ICT" duration-ms="0" status="PASS">
          <params>
            <param index="0">
              <value>
                <![CDATA[public void TestSuite.Contact.MODULE1_04() throws java.io.IOException]]>
              </value>
            </param>
          </params>
          <reporter-output>
          </reporter-output>
        </test-method> <!-- setUpMethod -->
        <test-method signature="MODULE1_04()[pri:0, instance:TestSuite.Contact@1c72da34]" started-at="2022-11-07T01:02:03 ICT" name="MODULE1_04" finished-at="2022-11-07T01:02:11 ICT" duration-ms="8014" status="PASS">
          <reporter-output>
          </reporter-output>
        </test-method> <!-- MODULE1_04 -->
        <test-method is-config="true" signature="tearDownMethod(org.testng.ITestResult, java.lang.reflect.Method)[pri:0, instance:TestSuite.Contact@1c72da34]" started-at="2022-11-07T01:02:11 ICT" name="tearDownMethod" finished-at="2022-11-07T01:02:12 ICT" duration-ms="788" status="PASS">
          <params>
            <param index="0">
              <value>
                <![CDATA[[TestResult name=MODULE1_04 status=SUCCESS method=Contact.MODULE1_04()[pri:0, instance:TestSuite.Contact@1c72da34] output={null}]]]>
              </value>
            </param>
            <param index="1">
              <value>
                <![CDATA[public void TestSuite.Contact.MODULE1_04() throws java.io.IOException]]>
              </value>
            </param>
          </params>
          <reporter-output>
          </reporter-output>
        </test-method> <!-- tearDownMethod -->
        <test-method is-config="true" signature="afterMethod(org.testng.ITestResult, java.lang.reflect.Method)[pri:0, instance:TestSuite.Contact@1c72da34]" started-at="2022-11-07T01:02:12 ICT" name="afterMethod" finished-at="2022-11-07T01:02:12 ICT" duration-ms="189" status="PASS">
          <params>
            <param index="0">
              <value>
                <![CDATA[[TestResult name=MODULE1_04 status=SUCCESS method=Contact.MODULE1_04()[pri:0, instance:TestSuite.Contact@1c72da34] output={null}]]]>
              </value>
            </param>
            <param index="1">
              <value>
                <![CDATA[public void TestSuite.Contact.MODULE1_04() throws java.io.IOException]]>
              </value>
            </param>
          </params>
          <reporter-output>
          </reporter-output>
        </test-method> <!-- afterMethod -->
        <test-method signature="MODULE1_05()[pri:0, instance:TestSuite.Contact@1c72da34]" started-at="2022-11-07T01:02:12 ICT" name="MODULE1_05" finished-at="2022-11-07T01:02:16 ICT" duration-ms="4137" status="PASS">
          <reporter-output>
          </reporter-output>
        </test-method> <!-- MODULE1_05 -->
        <test-method is-config="true" signature="setUpMethod(java.lang.reflect.Method)[pri:0, instance:TestSuite.Contact@1c72da34]" started-at="2022-11-07T01:02:12 ICT" name="setUpMethod" finished-at="2022-11-07T01:02:12 ICT" duration-ms="0" status="PASS">
          <params>
            <param index="0">
              <value>
                <![CDATA[public void TestSuite.Contact.MODULE1_05() throws java.io.IOException]]>
              </value>
            </param>
          </params>
          <reporter-output>
          </reporter-output>
        </test-method> <!-- setUpMethod -->
        <test-method is-config="true" signature="tearDownMethod(org.testng.ITestResult, java.lang.reflect.Method)[pri:0, instance:TestSuite.Contact@1c72da34]" started-at="2022-11-07T01:02:16 ICT" name="tearDownMethod" finished-at="2022-11-07T01:02:17 ICT" duration-ms="763" status="PASS">
          <params>
            <param index="0">
              <value>
                <![CDATA[[TestResult name=MODULE1_05 status=SUCCESS method=Contact.MODULE1_05()[pri:0, instance:TestSuite.Contact@1c72da34] output={null}]]]>
              </value>
            </param>
            <param index="1">
              <value>
                <![CDATA[public void TestSuite.Contact.MODULE1_05() throws java.io.IOException]]>
              </value>
            </param>
          </params>
          <reporter-output>
          </reporter-output>
        </test-method> <!-- tearDownMethod -->
        <test-method is-config="true" signature="afterMethod(org.testng.ITestResult, java.lang.reflect.Method)[pri:0, instance:TestSuite.Contact@1c72da34]" started-at="2022-11-07T01:02:17 ICT" name="afterMethod" finished-at="2022-11-07T01:02:17 ICT" duration-ms="138" status="PASS">
          <params>
            <param index="0">
              <value>
                <![CDATA[[TestResult name=MODULE1_05 status=SUCCESS method=Contact.MODULE1_05()[pri:0, instance:TestSuite.Contact@1c72da34] output={null}]]]>
              </value>
            </param>
            <param index="1">
              <value>
                <![CDATA[public void TestSuite.Contact.MODULE1_05() throws java.io.IOException]]>
              </value>
            </param>
          </params>
          <reporter-output>
          </reporter-output>
        </test-method> <!-- afterMethod -->
        <test-method is-config="true" signature="setUpMethod(java.lang.reflect.Method)[pri:0, instance:TestSuite.Contact@1c72da34]" started-at="2022-11-07T01:02:17 ICT" name="setUpMethod" finished-at="2022-11-07T01:02:17 ICT" duration-ms="1" status="PASS">
          <params>
            <param index="0">
              <value>
                <![CDATA[public void TestSuite.Contact.MODULE1_06() throws java.io.IOException]]>
              </value>
            </param>
          </params>
          <reporter-output>
          </reporter-output>
        </test-method> <!-- setUpMethod -->
        <test-method signature="MODULE1_06()[pri:0, instance:TestSuite.Contact@1c72da34]" started-at="2022-11-07T01:02:17 ICT" name="MODULE1_06" finished-at="2022-11-07T01:02:21 ICT" duration-ms="4031" status="PASS">
          <reporter-output>
          </reporter-output>
        </test-method> <!-- MODULE1_06 -->
        <test-method is-config="true" signature="tearDownMethod(org.testng.ITestResult, java.lang.reflect.Method)[pri:0, instance:TestSuite.Contact@1c72da34]" started-at="2022-11-07T01:02:21 ICT" name="tearDownMethod" finished-at="2022-11-07T01:02:22 ICT" duration-ms="749" status="PASS">
          <params>
            <param index="0">
              <value>
                <![CDATA[[TestResult name=MODULE1_06 status=SUCCESS method=Contact.MODULE1_06()[pri:0, instance:TestSuite.Contact@1c72da34] output={null}]]]>
              </value>
            </param>
            <param index="1">
              <value>
                <![CDATA[public void TestSuite.Contact.MODULE1_06() throws java.io.IOException]]>
              </value>
            </param>
          </params>
          <reporter-output>
          </reporter-output>
        </test-method> <!-- tearDownMethod -->
        <test-method is-config="true" signature="afterMethod(org.testng.ITestResult, java.lang.reflect.Method)[pri:0, instance:TestSuite.Contact@1c72da34]" started-at="2022-11-07T01:02:22 ICT" name="afterMethod" finished-at="2022-11-07T01:02:22 ICT" duration-ms="130" status="PASS">
          <params>
            <param index="0">
              <value>
                <![CDATA[[TestResult name=MODULE1_06 status=SUCCESS method=Contact.MODULE1_06()[pri:0, instance:TestSuite.Contact@1c72da34] output={null}]]]>
              </value>
            </param>
            <param index="1">
              <value>
                <![CDATA[public void TestSuite.Contact.MODULE1_06() throws java.io.IOException]]>
              </value>
            </param>
          </params>
          <reporter-output>
          </reporter-output>
        </test-method> <!-- afterMethod -->
        <test-method is-config="true" signature="setUpMethod(java.lang.reflect.Method)[pri:0, instance:TestSuite.Contact@1c72da34]" started-at="2022-11-07T01:02:22 ICT" name="setUpMethod" finished-at="2022-11-07T01:02:22 ICT" duration-ms="0" status="PASS">
          <params>
            <param index="0">
              <value>
                <![CDATA[public void TestSuite.Contact.MODULE1_07() throws java.io.IOException]]>
              </value>
            </param>
          </params>
          <reporter-output>
          </reporter-output>
        </test-method> <!-- setUpMethod -->
        <test-method signature="MODULE1_07()[pri:0, instance:TestSuite.Contact@1c72da34]" started-at="2022-11-07T01:02:22 ICT" name="MODULE1_07" finished-at="2022-11-07T01:02:26 ICT" duration-ms="4026" status="PASS">
          <reporter-output>
          </reporter-output>
        </test-method> <!-- MODULE1_07 -->
        <test-method is-config="true" signature="tearDownMethod(org.testng.ITestResult, java.lang.reflect.Method)[pri:0, instance:TestSuite.Contact@1c72da34]" started-at="2022-11-07T01:02:26 ICT" name="tearDownMethod" finished-at="2022-11-07T01:02:27 ICT" duration-ms="790" status="PASS">
          <params>
            <param index="0">
              <value>
                <![CDATA[[TestResult name=MODULE1_07 status=SUCCESS method=Contact.MODULE1_07()[pri:0, instance:TestSuite.Contact@1c72da34] output={null}]]]>
              </value>
            </param>
            <param index="1">
              <value>
                <![CDATA[public void TestSuite.Contact.MODULE1_07() throws java.io.IOException]]>
              </value>
            </param>
          </params>
          <reporter-output>
          </reporter-output>
        </test-method> <!-- tearDownMethod -->
        <test-method is-config="true" signature="afterMethod(org.testng.ITestResult, java.lang.reflect.Method)[pri:0, instance:TestSuite.Contact@1c72da34]" started-at="2022-11-07T01:02:27 ICT" name="afterMethod" finished-at="2022-11-07T01:02:27 ICT" duration-ms="123" status="PASS">
          <params>
            <param index="0">
              <value>
                <![CDATA[[TestResult name=MODULE1_07 status=SUCCESS method=Contact.MODULE1_07()[pri:0, instance:TestSuite.Contact@1c72da34] output={null}]]]>
              </value>
            </param>
            <param index="1">
              <value>
                <![CDATA[public void TestSuite.Contact.MODULE1_07() throws java.io.IOException]]>
              </value>
            </param>
          </params>
          <reporter-output>
          </reporter-output>
        </test-method> <!-- afterMethod -->
        <test-method signature="MODULE1_08()[pri:0, instance:TestSuite.Contact@1c72da34]" started-at="2022-11-07T01:02:27 ICT" name="MODULE1_08" finished-at="2022-11-07T01:02:31 ICT" duration-ms="4099" status="PASS">
          <reporter-output>
          </reporter-output>
        </test-method> <!-- MODULE1_08 -->
        <test-method is-config="true" signature="setUpMethod(java.lang.reflect.Method)[pri:0, instance:TestSuite.Contact@1c72da34]" started-at="2022-11-07T01:02:27 ICT" name="setUpMethod" finished-at="2022-11-07T01:02:27 ICT" duration-ms="0" status="PASS">
          <params>
            <param index="0">
              <value>
                <![CDATA[public void TestSuite.Contact.MODULE1_08() throws java.io.IOException]]>
              </value>
            </param>
          </params>
          <reporter-output>
          </reporter-output>
        </test-method> <!-- setUpMethod -->
        <test-method is-config="true" signature="tearDownMethod(org.testng.ITestResult, java.lang.reflect.Method)[pri:0, instance:TestSuite.Contact@1c72da34]" started-at="2022-11-07T01:02:31 ICT" name="tearDownMethod" finished-at="2022-11-07T01:02:32 ICT" duration-ms="801" status="PASS">
          <params>
            <param index="0">
              <value>
                <![CDATA[[TestResult name=MODULE1_08 status=SUCCESS method=Contact.MODULE1_08()[pri:0, instance:TestSuite.Contact@1c72da34] output={null}]]]>
              </value>
            </param>
            <param index="1">
              <value>
                <![CDATA[public void TestSuite.Contact.MODULE1_08() throws java.io.IOException]]>
              </value>
            </param>
          </params>
          <reporter-output>
          </reporter-output>
        </test-method> <!-- tearDownMethod -->
        <test-method is-config="true" signature="afterMethod(org.testng.ITestResult, java.lang.reflect.Method)[pri:0, instance:TestSuite.Contact@1c72da34]" started-at="2022-11-07T01:02:32 ICT" name="afterMethod" finished-at="2022-11-07T01:02:32 ICT" duration-ms="139" status="PASS">
          <params>
            <param index="0">
              <value>
                <![CDATA[[TestResult name=MODULE1_08 status=SUCCESS method=Contact.MODULE1_08()[pri:0, instance:TestSuite.Contact@1c72da34] output={null}]]]>
              </value>
            </param>
            <param index="1">
              <value>
                <![CDATA[public void TestSuite.Contact.MODULE1_08() throws java.io.IOException]]>
              </value>
            </param>
          </params>
          <reporter-output>
          </reporter-output>
        </test-method> <!-- afterMethod -->
        <test-method is-config="true" signature="setUpMethod(java.lang.reflect.Method)[pri:0, instance:TestSuite.Contact@1c72da34]" started-at="2022-11-07T01:02:32 ICT" name="setUpMethod" finished-at="2022-11-07T01:02:32 ICT" duration-ms="1" status="PASS">
          <params>
            <param index="0">
              <value>
                <![CDATA[public void TestSuite.Contact.MODULE1_09() throws java.io.IOException]]>
              </value>
            </param>
          </params>
          <reporter-output>
          </reporter-output>
        </test-method> <!-- setUpMethod -->
        <test-method signature="MODULE1_09()[pri:0, instance:TestSuite.Contact@1c72da34]" started-at="2022-11-07T01:02:32 ICT" name="MODULE1_09" finished-at="2022-11-07T01:02:36 ICT" duration-ms="4182" status="PASS">
          <reporter-output>
          </reporter-output>
        </test-method> <!-- MODULE1_09 -->
        <test-method is-config="true" signature="tearDownMethod(org.testng.ITestResult, java.lang.reflect.Method)[pri:0, instance:TestSuite.Contact@1c72da34]" started-at="2022-11-07T01:02:36 ICT" name="tearDownMethod" finished-at="2022-11-07T01:02:37 ICT" duration-ms="834" status="PASS">
          <params>
            <param index="0">
              <value>
                <![CDATA[[TestResult name=MODULE1_09 status=SUCCESS method=Contact.MODULE1_09()[pri:0, instance:TestSuite.Contact@1c72da34] output={null}]]]>
              </value>
            </param>
            <param index="1">
              <value>
                <![CDATA[public void TestSuite.Contact.MODULE1_09() throws java.io.IOException]]>
              </value>
            </param>
          </params>
          <reporter-output>
          </reporter-output>
        </test-method> <!-- tearDownMethod -->
        <test-method is-config="true" signature="afterMethod(org.testng.ITestResult, java.lang.reflect.Method)[pri:0, instance:TestSuite.Contact@1c72da34]" started-at="2022-11-07T01:02:37 ICT" name="afterMethod" finished-at="2022-11-07T01:02:37 ICT" duration-ms="171" status="PASS">
          <params>
            <param index="0">
              <value>
                <![CDATA[[TestResult name=MODULE1_09 status=SUCCESS method=Contact.MODULE1_09()[pri:0, instance:TestSuite.Contact@1c72da34] output={null}]]]>
              </value>
            </param>
            <param index="1">
              <value>
                <![CDATA[public void TestSuite.Contact.MODULE1_09() throws java.io.IOException]]>
              </value>
            </param>
          </params>
          <reporter-output>
          </reporter-output>
        </test-method> <!-- afterMethod -->
        <test-method is-config="true" signature="setUpMethod(java.lang.reflect.Method)[pri:0, instance:TestSuite.Contact@1c72da34]" started-at="2022-11-07T01:02:37 ICT" name="setUpMethod" finished-at="2022-11-07T01:02:37 ICT" duration-ms="3" status="PASS">
          <params>
            <param index="0">
              <value>
                <![CDATA[public void TestSuite.Contact.MODULE1_10() throws java.io.IOException]]>
              </value>
            </param>
          </params>
          <reporter-output>
          </reporter-output>
        </test-method> <!-- setUpMethod -->
        <test-method signature="MODULE1_10()[pri:0, instance:TestSuite.Contact@1c72da34]" started-at="2022-11-07T01:02:37 ICT" name="MODULE1_10" finished-at="2022-11-07T01:02:45 ICT" duration-ms="7911" status="PASS">
          <reporter-output>
          </reporter-output>
        </test-method> <!-- MODULE1_10 -->
        <test-method is-config="true" signature="tearDownMethod(org.testng.ITestResult, java.lang.reflect.Method)[pri:0, instance:TestSuite.Contact@1c72da34]" started-at="2022-11-07T01:02:45 ICT" name="tearDownMethod" finished-at="2022-11-07T01:02:46 ICT" duration-ms="832" status="PASS">
          <params>
            <param index="0">
              <value>
                <![CDATA[[TestResult name=MODULE1_10 status=SUCCESS method=Contact.MODULE1_10()[pri:0, instance:TestSuite.Contact@1c72da34] output={null}]]]>
              </value>
            </param>
            <param index="1">
              <value>
                <![CDATA[public void TestSuite.Contact.MODULE1_10() throws java.io.IOException]]>
              </value>
            </param>
          </params>
          <reporter-output>
          </reporter-output>
        </test-method> <!-- tearDownMethod -->
        <test-method is-config="true" signature="afterMethod(org.testng.ITestResult, java.lang.reflect.Method)[pri:0, instance:TestSuite.Contact@1c72da34]" started-at="2022-11-07T01:02:46 ICT" name="afterMethod" finished-at="2022-11-07T01:02:46 ICT" duration-ms="148" status="PASS">
          <params>
            <param index="0">
              <value>
                <![CDATA[[TestResult name=MODULE1_10 status=SUCCESS method=Contact.MODULE1_10()[pri:0, instance:TestSuite.Contact@1c72da34] output={null}]]]>
              </value>
            </param>
            <param index="1">
              <value>
                <![CDATA[public void TestSuite.Contact.MODULE1_10() throws java.io.IOException]]>
              </value>
            </param>
          </params>
          <reporter-output>
          </reporter-output>
        </test-method> <!-- afterMethod -->
        <test-method is-config="true" signature="setUpMethod(java.lang.reflect.Method)[pri:0, instance:TestSuite.Contact@1c72da34]" started-at="2022-11-07T01:02:46 ICT" name="setUpMethod" finished-at="2022-11-07T01:02:46 ICT" duration-ms="1" status="PASS">
          <params>
            <param index="0">
              <value>
                <![CDATA[public void TestSuite.Contact.MODULE1_11() throws java.io.IOException]]>
              </value>
            </param>
          </params>
          <reporter-output>
          </reporter-output>
        </test-method> <!-- setUpMethod -->
        <test-method signature="MODULE1_11()[pri:0, instance:TestSuite.Contact@1c72da34]" started-at="2022-11-07T01:02:46 ICT" name="MODULE1_11" finished-at="2022-11-07T01:02:50 ICT" duration-ms="4127" status="PASS">
          <reporter-output>
          </reporter-output>
        </test-method> <!-- MODULE1_11 -->
        <test-method is-config="true" signature="tearDownMethod(org.testng.ITestResult, java.lang.reflect.Method)[pri:0, instance:TestSuite.Contact@1c72da34]" started-at="2022-11-07T01:02:50 ICT" name="tearDownMethod" finished-at="2022-11-07T01:02:51 ICT" duration-ms="844" status="PASS">
          <params>
            <param index="0">
              <value>
                <![CDATA[[TestResult name=MODULE1_11 status=SUCCESS method=Contact.MODULE1_11()[pri:0, instance:TestSuite.Contact@1c72da34] output={null}]]]>
              </value>
            </param>
            <param index="1">
              <value>
                <![CDATA[public void TestSuite.Contact.MODULE1_11() throws java.io.IOException]]>
              </value>
            </param>
          </params>
          <reporter-output>
          </reporter-output>
        </test-method> <!-- tearDownMethod -->
        <test-method is-config="true" signature="afterMethod(org.testng.ITestResult, java.lang.reflect.Method)[pri:0, instance:TestSuite.Contact@1c72da34]" started-at="2022-11-07T01:02:51 ICT" name="afterMethod" finished-at="2022-11-07T01:02:51 ICT" duration-ms="169" status="PASS">
          <params>
            <param index="0">
              <value>
                <![CDATA[[TestResult name=MODULE1_11 status=SUCCESS method=Contact.MODULE1_11()[pri:0, instance:TestSuite.Contact@1c72da34] output={null}]]]>
              </value>
            </param>
            <param index="1">
              <value>
                <![CDATA[public void TestSuite.Contact.MODULE1_11() throws java.io.IOException]]>
              </value>
            </param>
          </params>
          <reporter-output>
          </reporter-output>
        </test-method> <!-- afterMethod -->
        <test-method signature="MODULE1_12()[pri:0, instance:TestSuite.Contact@1c72da34]" started-at="2022-11-07T01:02:51 ICT" name="MODULE1_12" finished-at="2022-11-07T01:02:55 ICT" duration-ms="4060" status="PASS">
          <reporter-output>
          </reporter-output>
        </test-method> <!-- MODULE1_12 -->
        <test-method is-config="true" signature="setUpMethod(java.lang.reflect.Method)[pri:0, instance:TestSuite.Contact@1c72da34]" started-at="2022-11-07T01:02:51 ICT" name="setUpMethod" finished-at="2022-11-07T01:02:51 ICT" duration-ms="0" status="PASS">
          <params>
            <param index="0">
              <value>
                <![CDATA[public void TestSuite.Contact.MODULE1_12() throws java.io.IOException]]>
              </value>
            </param>
          </params>
          <reporter-output>
          </reporter-output>
        </test-method> <!-- setUpMethod -->
        <test-method is-config="true" signature="tearDownMethod(org.testng.ITestResult, java.lang.reflect.Method)[pri:0, instance:TestSuite.Contact@1c72da34]" started-at="2022-11-07T01:02:55 ICT" name="tearDownMethod" finished-at="2022-11-07T01:02:56 ICT" duration-ms="766" status="PASS">
          <params>
            <param index="0">
              <value>
                <![CDATA[[TestResult name=MODULE1_12 status=SUCCESS method=Contact.MODULE1_12()[pri:0, instance:TestSuite.Contact@1c72da34] output={null}]]]>
              </value>
            </param>
            <param index="1">
              <value>
                <![CDATA[public void TestSuite.Contact.MODULE1_12() throws java.io.IOException]]>
              </value>
            </param>
          </params>
          <reporter-output>
          </reporter-output>
        </test-method> <!-- tearDownMethod -->
        <test-method is-config="true" signature="afterMethod(org.testng.ITestResult, java.lang.reflect.Method)[pri:0, instance:TestSuite.Contact@1c72da34]" started-at="2022-11-07T01:02:56 ICT" name="afterMethod" finished-at="2022-11-07T01:02:56 ICT" duration-ms="133" status="PASS">
          <params>
            <param index="0">
              <value>
                <![CDATA[[TestResult name=MODULE1_12 status=SUCCESS method=Contact.MODULE1_12()[pri:0, instance:TestSuite.Contact@1c72da34] output={null}]]]>
              </value>
            </param>
            <param index="1">
              <value>
                <![CDATA[public void TestSuite.Contact.MODULE1_12() throws java.io.IOException]]>
              </value>
            </param>
          </params>
          <reporter-output>
          </reporter-output>
        </test-method> <!-- afterMethod -->
        <test-method is-config="true" signature="setUpMethod(java.lang.reflect.Method)[pri:0, instance:TestSuite.Contact@1c72da34]" started-at="2022-11-07T01:02:56 ICT" name="setUpMethod" finished-at="2022-11-07T01:02:56 ICT" duration-ms="0" status="PASS">
          <params>
            <param index="0">
              <value>
                <![CDATA[public void TestSuite.Contact.MODULE1_13() throws java.io.IOException]]>
              </value>
            </param>
          </params>
          <reporter-output>
          </reporter-output>
        </test-method> <!-- setUpMethod -->
        <test-method signature="MODULE1_13()[pri:0, instance:TestSuite.Contact@1c72da34]" started-at="2022-11-07T01:02:56 ICT" name="MODULE1_13" finished-at="2022-11-07T01:03:00 ICT" duration-ms="4108" status="PASS">
          <reporter-output>
          </reporter-output>
        </test-method> <!-- MODULE1_13 -->
        <test-method is-config="true" signature="tearDownMethod(org.testng.ITestResult, java.lang.reflect.Method)[pri:0, instance:TestSuite.Contact@1c72da34]" started-at="2022-11-07T01:03:00 ICT" name="tearDownMethod" finished-at="2022-11-07T01:03:01 ICT" duration-ms="768" status="PASS">
          <params>
            <param index="0">
              <value>
                <![CDATA[[TestResult name=MODULE1_13 status=SUCCESS method=Contact.MODULE1_13()[pri:0, instance:TestSuite.Contact@1c72da34] output={null}]]]>
              </value>
            </param>
            <param index="1">
              <value>
                <![CDATA[public void TestSuite.Contact.MODULE1_13() throws java.io.IOException]]>
              </value>
            </param>
          </params>
          <reporter-output>
          </reporter-output>
        </test-method> <!-- tearDownMethod -->
        <test-method is-config="true" signature="afterMethod(org.testng.ITestResult, java.lang.reflect.Method)[pri:0, instance:TestSuite.Contact@1c72da34]" started-at="2022-11-07T01:03:01 ICT" name="afterMethod" finished-at="2022-11-07T01:03:01 ICT" duration-ms="141" status="PASS">
          <params>
            <param index="0">
              <value>
                <![CDATA[[TestResult name=MODULE1_13 status=SUCCESS method=Contact.MODULE1_13()[pri:0, instance:TestSuite.Contact@1c72da34] output={null}]]]>
              </value>
            </param>
            <param index="1">
              <value>
                <![CDATA[public void TestSuite.Contact.MODULE1_13() throws java.io.IOException]]>
              </value>
            </param>
          </params>
          <reporter-output>
          </reporter-output>
        </test-method> <!-- afterMethod -->
        <test-method signature="MODULE1_14()[pri:0, instance:TestSuite.Contact@1c72da34]" started-at="2022-11-07T01:03:01 ICT" name="MODULE1_14" finished-at="2022-11-07T01:03:05 ICT" duration-ms="4077" status="PASS">
          <reporter-output>
          </reporter-output>
        </test-method> <!-- MODULE1_14 -->
        <test-method is-config="true" signature="setUpMethod(java.lang.reflect.Method)[pri:0, instance:TestSuite.Contact@1c72da34]" started-at="2022-11-07T01:03:01 ICT" name="setUpMethod" finished-at="2022-11-07T01:03:01 ICT" duration-ms="0" status="PASS">
          <params>
            <param index="0">
              <value>
                <![CDATA[public void TestSuite.Contact.MODULE1_14() throws java.io.IOException]]>
              </value>
            </param>
          </params>
          <reporter-output>
          </reporter-output>
        </test-method> <!-- setUpMethod -->
        <test-method is-config="true" signature="tearDownMethod(org.testng.ITestResult, java.lang.reflect.Method)[pri:0, instance:TestSuite.Contact@1c72da34]" started-at="2022-11-07T01:03:05 ICT" name="tearDownMethod" finished-at="2022-11-07T01:03:06 ICT" duration-ms="755" status="PASS">
          <params>
            <param index="0">
              <value>
                <![CDATA[[TestResult name=MODULE1_14 status=SUCCESS method=Contact.MODULE1_14()[pri:0, instance:TestSuite.Contact@1c72da34] output={null}]]]>
              </value>
            </param>
            <param index="1">
              <value>
                <![CDATA[public void TestSuite.Contact.MODULE1_14() throws java.io.IOException]]>
              </value>
            </param>
          </params>
          <reporter-output>
          </reporter-output>
        </test-method> <!-- tearDownMethod -->
        <test-method is-config="true" signature="afterMethod(org.testng.ITestResult, java.lang.reflect.Method)[pri:0, instance:TestSuite.Contact@1c72da34]" started-at="2022-11-07T01:03:06 ICT" name="afterMethod" finished-at="2022-11-07T01:03:06 ICT" duration-ms="130" status="PASS">
          <params>
            <param index="0">
              <value>
                <![CDATA[[TestResult name=MODULE1_14 status=SUCCESS method=Contact.MODULE1_14()[pri:0, instance:TestSuite.Contact@1c72da34] output={null}]]]>
              </value>
            </param>
            <param index="1">
              <value>
                <![CDATA[public void TestSuite.Contact.MODULE1_14() throws java.io.IOException]]>
              </value>
            </param>
          </params>
          <reporter-output>
          </reporter-output>
        </test-method> <!-- afterMethod -->
        <test-method is-config="true" signature="setUpMethod(java.lang.reflect.Method)[pri:0, instance:TestSuite.Contact@1c72da34]" started-at="2022-11-07T01:03:06 ICT" name="setUpMethod" finished-at="2022-11-07T01:03:06 ICT" duration-ms="0" status="PASS">
          <params>
            <param index="0">
              <value>
                <![CDATA[public void TestSuite.Contact.MODULE1_15() throws java.io.IOException]]>
              </value>
            </param>
          </params>
          <reporter-output>
          </reporter-output>
        </test-method> <!-- setUpMethod -->
        <test-method signature="MODULE1_15()[pri:0, instance:TestSuite.Contact@1c72da34]" started-at="2022-11-07T01:03:06 ICT" name="MODULE1_15" finished-at="2022-11-07T01:03:07 ICT" duration-ms="934" status="FAIL">
          <exception class="java.lang.AssertionError">
            <message>
              <![CDATA[Value is not correct: Expected: "test@gmail.com"; Actual: " test@gmail.com "]]>
            </message>
            <full-stacktrace>
              <![CDATA[java.lang.AssertionError: Value is not correct: Expected: "test@gmail.com"; Actual: " test@gmail.com "
at org.testng.Assert.fail(Assert.java:97)
at Common.Utilities.assertString(Utilities.java:455)
at Common.Utilities.assertInputValue(Utilities.java:420)
at Common.Utilities.inputValueAndValidate(Utilities.java:302)
at CommonScreen.ContactScreen.contact(ContactScreen.java:53)
at TestSuite.Contact.MODULE1_15(Contact.java:101)
at java.base/jdk.internal.reflect.NativeMethodAccessorImpl.invoke0(Native Method)
at java.base/jdk.internal.reflect.NativeMethodAccessorImpl.invoke(NativeMethodAccessorImpl.java:62)
at java.base/jdk.internal.reflect.DelegatingMethodAccessorImpl.invoke(DelegatingMethodAccessorImpl.java:43)
at java.base/java.lang.reflect.Method.invoke(Method.java:566)
at org.testng.internal.MethodInvocationHelper.invokeMethod(MethodInvocationHelper.java:131)
at org.testng.internal.Invoker.invokeMethod(Invoker.java:687)
at org.testng.internal.Invoker.invokeTestMethod(Invoker.java:821)
at org.testng.internal.Invoker.invokeTestMethods(Invoker.java:1128)
at org.testng.internal.TestMethodWorker.invokeTestMethods(TestMethodWorker.java:140)
at org.testng.internal.TestMethodWorker.run(TestMethodWorker.java:122)
at org.testng.TestRunner.privateRun(TestRunner.java:724)
at org.testng.TestRunner.run(TestRunner.java:574)
at org.testng.SuiteRunner.runTest(SuiteRunner.java:398)
at org.testng.SuiteRunner.runSequentially(SuiteRunner.java:392)
at org.testng.SuiteRunner.privateRun(SuiteRunner.java:354)
at org.testng.SuiteRunner.run(SuiteRunner.java:302)
at org.testng.SuiteRunnerWorker.runSuite(SuiteRunnerWorker.java:53)
at org.testng.SuiteRunnerWorker.run(SuiteRunnerWorker.java:96)
at org.testng.TestNG.runSuitesSequentially(TestNG.java:1142)
at org.testng.TestNG.runSuitesLocally(TestNG.java:1064)
at org.testng.TestNG.runSuites(TestNG.java:994)
at org.testng.TestNG.run(TestNG.java:962)
at org.testng.remote.AbstractRemoteTestNG.run(AbstractRemoteTestNG.java:115)
at org.testng.remote.RemoteTestNG.initAndRun(RemoteTestNG.java:251)
at org.testng.remote.RemoteTestNG.main(RemoteTestNG.java:77)
]]>
            </full-stacktrace>
          </exception> <!-- java.lang.AssertionError -->
          <reporter-output>
          </reporter-output>
        </test-method> <!-- MODULE1_15 -->
        <test-method is-config="true" signature="tearDownMethod(org.testng.ITestResult, java.lang.reflect.Method)[pri:0, instance:TestSuite.Contact@1c72da34]" started-at="2022-11-07T01:03:07 ICT" name="tearDownMethod" finished-at="2022-11-07T01:03:08 ICT" duration-ms="734" status="PASS">
          <params>
            <param index="0">
              <value>
                <![CDATA[[TestResult name=MODULE1_15 status=FAILURE method=Contact.MODULE1_15()[pri:0, instance:TestSuite.Contact@1c72da34] output={null}]]]>
              </value>
            </param>
            <param index="1">
              <value>
                <![CDATA[public void TestSuite.Contact.MODULE1_15() throws java.io.IOException]]>
              </value>
            </param>
          </params>
          <reporter-output>
          </reporter-output>
        </test-method> <!-- tearDownMethod -->
        <test-method is-config="true" signature="afterMethod(org.testng.ITestResult, java.lang.reflect.Method)[pri:0, instance:TestSuite.Contact@1c72da34]" started-at="2022-11-07T01:03:08 ICT" name="afterMethod" finished-at="2022-11-07T01:03:08 ICT" duration-ms="183" status="PASS">
          <params>
            <param index="0">
              <value>
                <![CDATA[[TestResult name=MODULE1_15 status=FAILURE method=Contact.MODULE1_15()[pri:0, instance:TestSuite.Contact@1c72da34] output={null}]]]>
              </value>
            </param>
            <param index="1">
              <value>
                <![CDATA[public void TestSuite.Contact.MODULE1_15() throws java.io.IOException]]>
              </value>
            </param>
          </params>
          <reporter-output>
          </reporter-output>
        </test-method> <!-- afterMethod -->
        <test-method is-config="true" signature="setUpMethod(java.lang.reflect.Method)[pri:0, instance:TestSuite.Contact@1c72da34]" started-at="2022-11-07T01:03:08 ICT" name="setUpMethod" finished-at="2022-11-07T01:03:08 ICT" duration-ms="1" status="PASS">
          <params>
            <param index="0">
              <value>
                <![CDATA[public void TestSuite.Contact.MODULE1_16() throws java.io.IOException]]>
              </value>
            </param>
          </params>
          <reporter-output>
          </reporter-output>
        </test-method> <!-- setUpMethod -->
        <test-method signature="MODULE1_16()[pri:0, instance:TestSuite.Contact@1c72da34]" started-at="2022-11-07T01:03:08 ICT" name="MODULE1_16" finished-at="2022-11-07T01:03:12 ICT" duration-ms="4047" status="PASS">
          <reporter-output>
          </reporter-output>
        </test-method> <!-- MODULE1_16 -->
        <test-method is-config="true" signature="tearDownMethod(org.testng.ITestResult, java.lang.reflect.Method)[pri:0, instance:TestSuite.Contact@1c72da34]" started-at="2022-11-07T01:03:12 ICT" name="tearDownMethod" finished-at="2022-11-07T01:03:13 ICT" duration-ms="809" status="PASS">
          <params>
            <param index="0">
              <value>
                <![CDATA[[TestResult name=MODULE1_16 status=SUCCESS method=Contact.MODULE1_16()[pri:0, instance:TestSuite.Contact@1c72da34] output={null}]]]>
              </value>
            </param>
            <param index="1">
              <value>
                <![CDATA[public void TestSuite.Contact.MODULE1_16() throws java.io.IOException]]>
              </value>
            </param>
          </params>
          <reporter-output>
          </reporter-output>
        </test-method> <!-- tearDownMethod -->
        <test-method is-config="true" signature="afterMethod(org.testng.ITestResult, java.lang.reflect.Method)[pri:0, instance:TestSuite.Contact@1c72da34]" started-at="2022-11-07T01:03:13 ICT" name="afterMethod" finished-at="2022-11-07T01:03:13 ICT" duration-ms="144" status="PASS">
          <params>
            <param index="0">
              <value>
                <![CDATA[[TestResult name=MODULE1_16 status=SUCCESS method=Contact.MODULE1_16()[pri:0, instance:TestSuite.Contact@1c72da34] output={null}]]]>
              </value>
            </param>
            <param index="1">
              <value>
                <![CDATA[public void TestSuite.Contact.MODULE1_16() throws java.io.IOException]]>
              </value>
            </param>
          </params>
          <reporter-output>
          </reporter-output>
        </test-method> <!-- afterMethod -->
        <test-method is-config="true" signature="tearDownClass()[pri:0, instance:TestSuite.Contact@1c72da34]" started-at="2022-11-07T01:03:13 ICT" name="tearDownClass" finished-at="2022-11-07T01:03:14 ICT" duration-ms="1212" status="PASS">
          <reporter-output>
          </reporter-output>
        </test-method> <!-- tearDownClass -->
      </class> <!-- TestSuite.Contact -->
    </test> <!-- Test1 -->
  </suite> <!-- Suite -->
</testng-results>
