<?xml version="1.0" encoding="UTF-8"?>
<testng-results ignored="0" total="5" passed="5" failed="0" skipped="0">
  <reporter-output>
  </reporter-output>
  <suite started-at="2022-11-07T00:55:11 ICT" name="Suite" finished-at="2022-11-07T00:55:41 ICT" duration-ms="30543">
    <groups>
    </groups>
    <test started-at="2022-11-07T00:55:11 ICT" name="Test1" finished-at="2022-11-07T00:55:41 ICT" duration-ms="30543">
      <class name="TestSuite.Search">
        <test-method is-config="true" signature="beforeSuite()[pri:0, instance:TestSuite.Search@80ec1f8]" started-at="2022-11-07T00:55:10 ICT" name="beforeSuite" finished-at="2022-11-07T00:55:11 ICT" duration-ms="209" status="PASS">
          <reporter-output>
          </reporter-output>
        </test-method> <!-- beforeSuite -->
        <test-method is-config="true" signature="beforeClass(java.lang.String)[pri:0, instance:TestSuite.Search@80ec1f8]" started-at="2022-11-07T00:55:11 ICT" name="beforeClass" finished-at="2022-11-07T00:55:11 ICT" duration-ms="5" status="PASS">
          <params>
            <param index="0">
              <value>
                <![CDATA[Chrome]]>
              </value>
            </param>
          </params>
          <reporter-output>
          </reporter-output>
        </test-method> <!-- beforeClass -->
        <test-method is-config="true" signature="setUpClass()[pri:0, instance:TestSuite.Search@80ec1f8]" started-at="2022-11-07T00:55:11 ICT" name="setUpClass" finished-at="2022-11-07T00:55:31 ICT" duration-ms="20550" status="PASS">
          <reporter-output>
          </reporter-output>
        </test-method> <!-- setUpClass -->
        <test-method is-config="true" signature="setUpMethod(java.lang.reflect.Method)[pri:0, instance:TestSuite.Search@80ec1f8]" started-at="2022-11-07T00:55:31 ICT" name="setUpMethod" finished-at="2022-11-07T00:55:31 ICT" duration-ms="0" status="PASS">
          <params>
            <param index="0">
              <value>
                <![CDATA[public void TestSuite.Search.MODULE1_01() throws java.io.IOException]]>
              </value>
            </param>
          </params>
          <reporter-output>
          </reporter-output>
        </test-method> <!-- setUpMethod -->
        <test-method signature="MODULE1_01()[pri:0, instance:TestSuite.Search@80ec1f8]" started-at="2022-11-07T00:55:31 ICT" name="MODULE1_01" finished-at="2022-11-07T00:55:33 ICT" duration-ms="1485" status="PASS">
          <reporter-output>
          </reporter-output>
        </test-method> <!-- MODULE1_01 -->
        <test-method is-config="true" signature="tearDownMethod(org.testng.ITestResult, java.lang.reflect.Method)[pri:0, instance:TestSuite.Search@80ec1f8]" started-at="2022-11-07T00:55:33 ICT" name="tearDownMethod" finished-at="2022-11-07T00:55:33 ICT" duration-ms="160" status="PASS">
          <params>
            <param index="0">
              <value>
                <![CDATA[[TestResult name=MODULE1_01 status=SUCCESS method=Search.MODULE1_01()[pri:0, instance:TestSuite.Search@80ec1f8] output={null}]]]>
              </value>
            </param>
            <param index="1">
              <value>
                <![CDATA[public void TestSuite.Search.MODULE1_01() throws java.io.IOException]]>
              </value>
            </param>
          </params>
          <reporter-output>
          </reporter-output>
        </test-method> <!-- tearDownMethod -->
        <test-method is-config="true" signature="afterMethod(org.testng.ITestResult, java.lang.reflect.Method)[pri:0, instance:TestSuite.Search@80ec1f8]" started-at="2022-11-07T00:55:33 ICT" name="afterMethod" finished-at="2022-11-07T00:55:33 ICT" duration-ms="137" status="PASS">
          <params>
            <param index="0">
              <value>
                <![CDATA[[TestResult name=MODULE1_01 status=SUCCESS method=Search.MODULE1_01()[pri:0, instance:TestSuite.Search@80ec1f8] output={null}]]]>
              </value>
            </param>
            <param index="1">
              <value>
                <![CDATA[public void TestSuite.Search.MODULE1_01() throws java.io.IOException]]>
              </value>
            </param>
          </params>
          <reporter-output>
          </reporter-output>
        </test-method> <!-- afterMethod -->
        <test-method is-config="true" signature="setUpMethod(java.lang.reflect.Method)[pri:0, instance:TestSuite.Search@80ec1f8]" started-at="2022-11-07T00:55:33 ICT" name="setUpMethod" finished-at="2022-11-07T00:55:33 ICT" duration-ms="0" status="PASS">
          <params>
            <param index="0">
              <value>
                <![CDATA[public void TestSuite.Search.MODULE1_02() throws java.io.IOException]]>
              </value>
            </param>
          </params>
          <reporter-output>
          </reporter-output>
        </test-method> <!-- setUpMethod -->
        <test-method signature="MODULE1_02()[pri:0, instance:TestSuite.Search@80ec1f8]" started-at="2022-11-07T00:55:33 ICT" name="MODULE1_02" finished-at="2022-11-07T00:55:35 ICT" duration-ms="2286" status="PASS">
          <reporter-output>
          </reporter-output>
        </test-method> <!-- MODULE1_02 -->
        <test-method is-config="true" signature="tearDownMethod(org.testng.ITestResult, java.lang.reflect.Method)[pri:0, instance:TestSuite.Search@80ec1f8]" started-at="2022-11-07T00:55:35 ICT" name="tearDownMethod" finished-at="2022-11-07T00:55:35 ICT" duration-ms="136" status="PASS">
          <params>
            <param index="0">
              <value>
                <![CDATA[[TestResult name=MODULE1_02 status=SUCCESS method=Search.MODULE1_02()[pri:0, instance:TestSuite.Search@80ec1f8] output={null}]]]>
              </value>
            </param>
            <param index="1">
              <value>
                <![CDATA[public void TestSuite.Search.MODULE1_02() throws java.io.IOException]]>
              </value>
            </param>
          </params>
          <reporter-output>
          </reporter-output>
        </test-method> <!-- tearDownMethod -->
        <test-method is-config="true" signature="afterMethod(org.testng.ITestResult, java.lang.reflect.Method)[pri:0, instance:TestSuite.Search@80ec1f8]" started-at="2022-11-07T00:55:35 ICT" name="afterMethod" finished-at="2022-11-07T00:55:36 ICT" duration-ms="132" status="PASS">
          <params>
            <param index="0">
              <value>
                <![CDATA[[TestResult name=MODULE1_02 status=SUCCESS method=Search.MODULE1_02()[pri:0, instance:TestSuite.Search@80ec1f8] output={null}]]]>
              </value>
            </param>
            <param index="1">
              <value>
                <![CDATA[public void TestSuite.Search.MODULE1_02() throws java.io.IOException]]>
              </value>
            </param>
          </params>
          <reporter-output>
          </reporter-output>
        </test-method> <!-- afterMethod -->
        <test-method is-config="true" signature="setUpMethod(java.lang.reflect.Method)[pri:0, instance:TestSuite.Search@80ec1f8]" started-at="2022-11-07T00:55:36 ICT" name="setUpMethod" finished-at="2022-11-07T00:55:36 ICT" duration-ms="1" status="PASS">
          <params>
            <param index="0">
              <value>
                <![CDATA[public void TestSuite.Search.MODULE1_03() throws java.io.IOException]]>
              </value>
            </param>
          </params>
          <reporter-output>
          </reporter-output>
        </test-method> <!-- setUpMethod -->
        <test-method signature="MODULE1_03()[pri:0, instance:TestSuite.Search@80ec1f8]" started-at="2022-11-07T00:55:36 ICT" name="MODULE1_03" finished-at="2022-11-07T00:55:37 ICT" duration-ms="1262" status="PASS">
          <reporter-output>
          </reporter-output>
        </test-method> <!-- MODULE1_03 -->
        <test-method is-config="true" signature="tearDownMethod(org.testng.ITestResult, java.lang.reflect.Method)[pri:0, instance:TestSuite.Search@80ec1f8]" started-at="2022-11-07T00:55:37 ICT" name="tearDownMethod" finished-at="2022-11-07T00:55:37 ICT" duration-ms="178" status="PASS">
          <params>
            <param index="0">
              <value>
                <![CDATA[[TestResult name=MODULE1_03 status=SUCCESS method=Search.MODULE1_03()[pri:0, instance:TestSuite.Search@80ec1f8] output={null}]]]>
              </value>
            </param>
            <param index="1">
              <value>
                <![CDATA[public void TestSuite.Search.MODULE1_03() throws java.io.IOException]]>
              </value>
            </param>
          </params>
          <reporter-output>
          </reporter-output>
        </test-method> <!-- tearDownMethod -->
        <test-method is-config="true" signature="afterMethod(org.testng.ITestResult, java.lang.reflect.Method)[pri:0, instance:TestSuite.Search@80ec1f8]" started-at="2022-11-07T00:55:37 ICT" name="afterMethod" finished-at="2022-11-07T00:55:37 ICT" duration-ms="153" status="PASS">
          <params>
            <param index="0">
              <value>
                <![CDATA[[TestResult name=MODULE1_03 status=SUCCESS method=Search.MODULE1_03()[pri:0, instance:TestSuite.Search@80ec1f8] output={null}]]]>
              </value>
            </param>
            <param index="1">
              <value>
                <![CDATA[public void TestSuite.Search.MODULE1_03() throws java.io.IOException]]>
              </value>
            </param>
          </params>
          <reporter-output>
          </reporter-output>
        </test-method> <!-- afterMethod -->
        <test-method signature="MODULE1_04()[pri:0, instance:TestSuite.Search@80ec1f8]" started-at="2022-11-07T00:55:37 ICT" name="MODULE1_04" finished-at="2022-11-07T00:55:38 ICT" duration-ms="1154" status="PASS">
          <reporter-output>
          </reporter-output>
        </test-method> <!-- MODULE1_04 -->
        <test-method is-config="true" signature="setUpMethod(java.lang.reflect.Method)[pri:0, instance:TestSuite.Search@80ec1f8]" started-at="2022-11-07T00:55:37 ICT" name="setUpMethod" finished-at="2022-11-07T00:55:37 ICT" duration-ms="0" status="PASS">
          <params>
            <param index="0">
              <value>
                <![CDATA[public void TestSuite.Search.MODULE1_04() throws java.io.IOException]]>
              </value>
            </param>
          </params>
          <reporter-output>
          </reporter-output>
        </test-method> <!-- setUpMethod -->
        <test-method is-config="true" signature="tearDownMethod(org.testng.ITestResult, java.lang.reflect.Method)[pri:0, instance:TestSuite.Search@80ec1f8]" started-at="2022-11-07T00:55:38 ICT" name="tearDownMethod" finished-at="2022-11-07T00:55:39 ICT" duration-ms="124" status="PASS">
          <params>
            <param index="0">
              <value>
                <![CDATA[[TestResult name=MODULE1_04 status=SUCCESS method=Search.MODULE1_04()[pri:0, instance:TestSuite.Search@80ec1f8] output={null}]]]>
              </value>
            </param>
            <param index="1">
              <value>
                <![CDATA[public void TestSuite.Search.MODULE1_04() throws java.io.IOException]]>
              </value>
            </param>
          </params>
          <reporter-output>
          </reporter-output>
        </test-method> <!-- tearDownMethod -->
        <test-method is-config="true" signature="afterMethod(org.testng.ITestResult, java.lang.reflect.Method)[pri:0, instance:TestSuite.Search@80ec1f8]" started-at="2022-11-07T00:55:39 ICT" name="afterMethod" finished-at="2022-11-07T00:55:39 ICT" duration-ms="134" status="PASS">
          <params>
            <param index="0">
              <value>
                <![CDATA[[TestResult name=MODULE1_04 status=SUCCESS method=Search.MODULE1_04()[pri:0, instance:TestSuite.Search@80ec1f8] output={null}]]]>
              </value>
            </param>
            <param index="1">
              <value>
                <![CDATA[public void TestSuite.Search.MODULE1_04() throws java.io.IOException]]>
              </value>
            </param>
          </params>
          <reporter-output>
          </reporter-output>
        </test-method> <!-- afterMethod -->
        <test-method signature="MODULE1_05()[pri:0, instance:TestSuite.Search@80ec1f8]" started-at="2022-11-07T00:55:39 ICT" name="MODULE1_05" finished-at="2022-11-07T00:55:40 ICT" duration-ms="1220" status="PASS">
          <reporter-output>
          </reporter-output>
        </test-method> <!-- MODULE1_05 -->
        <test-method is-config="true" signature="setUpMethod(java.lang.reflect.Method)[pri:0, instance:TestSuite.Search@80ec1f8]" started-at="2022-11-07T00:55:39 ICT" name="setUpMethod" finished-at="2022-11-07T00:55:39 ICT" duration-ms="0" status="PASS">
          <params>
            <param index="0">
              <value>
                <![CDATA[public void TestSuite.Search.MODULE1_05() throws java.io.IOException]]>
              </value>
            </param>
          </params>
          <reporter-output>
          </reporter-output>
        </test-method> <!-- setUpMethod -->
        <test-method is-config="true" signature="tearDownMethod(org.testng.ITestResult, java.lang.reflect.Method)[pri:0, instance:TestSuite.Search@80ec1f8]" started-at="2022-11-07T00:55:40 ICT" name="tearDownMethod" finished-at="2022-11-07T00:55:40 ICT" duration-ms="145" status="PASS">
          <params>
            <param index="0">
              <value>
                <![CDATA[[TestResult name=MODULE1_05 status=SUCCESS method=Search.MODULE1_05()[pri:0, instance:TestSuite.Search@80ec1f8] output={null}]]]>
              </value>
            </param>
            <param index="1">
              <value>
                <![CDATA[public void TestSuite.Search.MODULE1_05() throws java.io.IOException]]>
              </value>
            </param>
          </params>
          <reporter-output>
          </reporter-output>
        </test-method> <!-- tearDownMethod -->
        <test-method is-config="true" signature="afterMethod(org.testng.ITestResult, java.lang.reflect.Method)[pri:0, instance:TestSuite.Search@80ec1f8]" started-at="2022-11-07T00:55:40 ICT" name="afterMethod" finished-at="2022-11-07T00:55:40 ICT" duration-ms="141" status="PASS">
          <params>
            <param index="0">
              <value>
                <![CDATA[[TestResult name=MODULE1_05 status=SUCCESS method=Search.MODULE1_05()[pri:0, instance:TestSuite.Search@80ec1f8] output={null}]]]>
              </value>
            </param>
            <param index="1">
              <value>
                <![CDATA[public void TestSuite.Search.MODULE1_05() throws java.io.IOException]]>
              </value>
            </param>
          </params>
          <reporter-output>
          </reporter-output>
        </test-method> <!-- afterMethod -->
        <test-method is-config="true" signature="tearDownClass()[pri:0, instance:TestSuite.Search@80ec1f8]" started-at="2022-11-07T00:55:40 ICT" name="tearDownClass" finished-at="2022-11-07T00:55:41 ICT" duration-ms="1091" status="PASS">
          <reporter-output>
          </reporter-output>
        </test-method> <!-- tearDownClass -->
      </class> <!-- TestSuite.Search -->
    </test> <!-- Test1 -->
  </suite> <!-- Suite -->
</testng-results>
