<?xml version="1.0" encoding="UTF-8"?>
<testng-results ignored="0" total="4" passed="4" failed="0" skipped="0">
  <reporter-output>
  </reporter-output>
  <suite started-at="2022-12-30T01:06:32 ICT" name="Suite" finished-at="2022-12-30T01:07:31 ICT" duration-ms="58756">
    <groups>
    </groups>
    <test started-at="2022-12-30T01:06:32 ICT" name="Test1" finished-at="2022-12-30T01:07:31 ICT" duration-ms="58756">
      <class name="TestSuite.DetailInformation">
        <test-method is-config="true" signature="beforeSuite()[pri:0, instance:TestSuite.DetailInformation@5b12b668]" started-at="2022-12-30T01:06:32 ICT" name="beforeSuite" finished-at="2022-12-30T01:06:32 ICT" duration-ms="165" status="PASS">
          <reporter-output>
          </reporter-output>
        </test-method> <!-- beforeSuite -->
        <test-method is-config="true" signature="beforeClass(java.lang.String)[pri:0, instance:TestSuite.DetailInformation@5b12b668]" started-at="2022-12-30T01:06:32 ICT" name="beforeClass" finished-at="2022-12-30T01:06:32 ICT" duration-ms="7" status="PASS">
          <params>
            <param index="0">
              <value>
                <![CDATA[Chrome]]>
              </value>
            </param>
          </params>
          <reporter-output>
          </reporter-output>
        </test-method> <!-- beforeClass -->
        <test-method is-config="true" signature="setUpMethod(java.lang.reflect.Method)[pri:0, instance:TestSuite.DetailInformation@5b12b668]" started-at="2022-12-30T01:06:32 ICT" name="setUpMethod" finished-at="2022-12-30T01:06:39 ICT" duration-ms="6886" status="PASS">
          <params>
            <param index="0">
              <value>
                <![CDATA[public void TestSuite.DetailInformation.MODULE5_01() throws java.io.IOException]]>
              </value>
            </param>
          </params>
          <reporter-output>
          </reporter-output>
        </test-method> <!-- setUpMethod -->
        <test-method signature="MODULE5_01()[pri:0, instance:TestSuite.DetailInformation@5b12b668]" started-at="2022-12-30T01:06:39 ICT" name="MODULE5_01" finished-at="2022-12-30T01:06:42 ICT" duration-ms="2827" status="PASS">
          <reporter-output>
          </reporter-output>
        </test-method> <!-- MODULE5_01 -->
        <test-method is-config="true" signature="tearDownMethod(org.testng.ITestResult, java.lang.reflect.Method)[pri:0, instance:TestSuite.DetailInformation@5b12b668]" started-at="2022-12-30T01:06:42 ICT" name="tearDownMethod" finished-at="2022-12-30T01:06:43 ICT" duration-ms="1314" status="PASS">
          <params>
            <param index="0">
              <value>
                <![CDATA[[TestResult name=MODULE5_01 status=SUCCESS method=DetailInformation.MODULE5_01()[pri:0, instance:TestSuite.DetailInformation@5b12b668] output={null}]]]>
              </value>
            </param>
            <param index="1">
              <value>
                <![CDATA[public void TestSuite.DetailInformation.MODULE5_01() throws java.io.IOException]]>
              </value>
            </param>
          </params>
          <reporter-output>
          </reporter-output>
        </test-method> <!-- tearDownMethod -->
        <test-method is-config="true" signature="afterMethod(org.testng.ITestResult, java.lang.reflect.Method)[pri:0, instance:TestSuite.DetailInformation@5b12b668]" started-at="2022-12-30T01:06:43 ICT" name="afterMethod" finished-at="2022-12-30T01:06:43 ICT" duration-ms="13" status="PASS">
          <params>
            <param index="0">
              <value>
                <![CDATA[[TestResult name=MODULE5_01 status=SUCCESS method=DetailInformation.MODULE5_01()[pri:0, instance:TestSuite.DetailInformation@5b12b668] output={null}]]]>
              </value>
            </param>
            <param index="1">
              <value>
                <![CDATA[public void TestSuite.DetailInformation.MODULE5_01() throws java.io.IOException]]>
              </value>
            </param>
          </params>
          <reporter-output>
          </reporter-output>
        </test-method> <!-- afterMethod -->
        <test-method is-config="true" signature="setUpMethod(java.lang.reflect.Method)[pri:0, instance:TestSuite.DetailInformation@5b12b668]" started-at="2022-12-30T01:06:43 ICT" name="setUpMethod" finished-at="2022-12-30T01:06:49 ICT" duration-ms="5889" status="PASS">
          <params>
            <param index="0">
              <value>
                <![CDATA[public void TestSuite.DetailInformation.MODULE5_02() throws java.io.IOException]]>
              </value>
            </param>
          </params>
          <reporter-output>
          </reporter-output>
        </test-method> <!-- setUpMethod -->
        <test-method signature="MODULE5_02()[pri:0, instance:TestSuite.DetailInformation@5b12b668]" started-at="2022-12-30T01:06:49 ICT" name="MODULE5_02" finished-at="2022-12-30T01:06:54 ICT" duration-ms="4632" status="PASS">
          <reporter-output>
          </reporter-output>
        </test-method> <!-- MODULE5_02 -->
        <test-method is-config="true" signature="tearDownMethod(org.testng.ITestResult, java.lang.reflect.Method)[pri:0, instance:TestSuite.DetailInformation@5b12b668]" started-at="2022-12-30T01:06:54 ICT" name="tearDownMethod" finished-at="2022-12-30T01:06:55 ICT" duration-ms="1325" status="PASS">
          <params>
            <param index="0">
              <value>
                <![CDATA[[TestResult name=MODULE5_02 status=SUCCESS method=DetailInformation.MODULE5_02()[pri:0, instance:TestSuite.DetailInformation@5b12b668] output={null}]]]>
              </value>
            </param>
            <param index="1">
              <value>
                <![CDATA[public void TestSuite.DetailInformation.MODULE5_02() throws java.io.IOException]]>
              </value>
            </param>
          </params>
          <reporter-output>
          </reporter-output>
        </test-method> <!-- tearDownMethod -->
        <test-method is-config="true" signature="afterMethod(org.testng.ITestResult, java.lang.reflect.Method)[pri:0, instance:TestSuite.DetailInformation@5b12b668]" started-at="2022-12-30T01:06:55 ICT" name="afterMethod" finished-at="2022-12-30T01:06:55 ICT" duration-ms="3" status="PASS">
          <params>
            <param index="0">
              <value>
                <![CDATA[[TestResult name=MODULE5_02 status=SUCCESS method=DetailInformation.MODULE5_02()[pri:0, instance:TestSuite.DetailInformation@5b12b668] output={null}]]]>
              </value>
            </param>
            <param index="1">
              <value>
                <![CDATA[public void TestSuite.DetailInformation.MODULE5_02() throws java.io.IOException]]>
              </value>
            </param>
          </params>
          <reporter-output>
          </reporter-output>
        </test-method> <!-- afterMethod -->
        <test-method is-config="true" signature="setUpMethod(java.lang.reflect.Method)[pri:0, instance:TestSuite.DetailInformation@5b12b668]" started-at="2022-12-30T01:06:55 ICT" name="setUpMethod" finished-at="2022-12-30T01:07:02 ICT" duration-ms="6977" status="PASS">
          <params>
            <param index="0">
              <value>
                <![CDATA[public void TestSuite.DetailInformation.MODULE5_03() throws java.io.IOException]]>
              </value>
            </param>
          </params>
          <reporter-output>
          </reporter-output>
        </test-method> <!-- setUpMethod -->
        <test-method signature="MODULE5_03()[pri:0, instance:TestSuite.DetailInformation@5b12b668]" started-at="2022-12-30T01:07:02 ICT" name="MODULE5_03" finished-at="2022-12-30T01:07:06 ICT" duration-ms="3777" status="PASS">
          <reporter-output>
          </reporter-output>
        </test-method> <!-- MODULE5_03 -->
        <test-method is-config="true" signature="tearDownMethod(org.testng.ITestResult, java.lang.reflect.Method)[pri:0, instance:TestSuite.DetailInformation@5b12b668]" started-at="2022-12-30T01:07:06 ICT" name="tearDownMethod" finished-at="2022-12-30T01:07:07 ICT" duration-ms="1330" status="PASS">
          <params>
            <param index="0">
              <value>
                <![CDATA[[TestResult name=MODULE5_03 status=SUCCESS method=DetailInformation.MODULE5_03()[pri:0, instance:TestSuite.DetailInformation@5b12b668] output={null}]]]>
              </value>
            </param>
            <param index="1">
              <value>
                <![CDATA[public void TestSuite.DetailInformation.MODULE5_03() throws java.io.IOException]]>
              </value>
            </param>
          </params>
          <reporter-output>
          </reporter-output>
        </test-method> <!-- tearDownMethod -->
        <test-method is-config="true" signature="afterMethod(org.testng.ITestResult, java.lang.reflect.Method)[pri:0, instance:TestSuite.DetailInformation@5b12b668]" started-at="2022-12-30T01:07:07 ICT" name="afterMethod" finished-at="2022-12-30T01:07:07 ICT" duration-ms="3" status="PASS">
          <params>
            <param index="0">
              <value>
                <![CDATA[[TestResult name=MODULE5_03 status=SUCCESS method=DetailInformation.MODULE5_03()[pri:0, instance:TestSuite.DetailInformation@5b12b668] output={null}]]]>
              </value>
            </param>
            <param index="1">
              <value>
                <![CDATA[public void TestSuite.DetailInformation.MODULE5_03() throws java.io.IOException]]>
              </value>
            </param>
          </params>
          <reporter-output>
          </reporter-output>
        </test-method> <!-- afterMethod -->
        <test-method is-config="true" signature="setUpMethod(java.lang.reflect.Method)[pri:0, instance:TestSuite.DetailInformation@5b12b668]" started-at="2022-12-30T01:07:07 ICT" name="setUpMethod" finished-at="2022-12-30T01:07:26 ICT" duration-ms="18552" status="PASS">
          <params>
            <param index="0">
              <value>
                <![CDATA[public void TestSuite.DetailInformation.MODULE5_04() throws java.io.IOException]]>
              </value>
            </param>
          </params>
          <reporter-output>
          </reporter-output>
        </test-method> <!-- setUpMethod -->
        <test-method signature="MODULE5_04()[pri:0, instance:TestSuite.DetailInformation@5b12b668]" started-at="2022-12-30T01:07:26 ICT" name="MODULE5_04" finished-at="2022-12-30T01:07:30 ICT" duration-ms="3834" status="PASS">
          <reporter-output>
          </reporter-output>
        </test-method> <!-- MODULE5_04 -->
        <test-method is-config="true" signature="tearDownMethod(org.testng.ITestResult, java.lang.reflect.Method)[pri:0, instance:TestSuite.DetailInformation@5b12b668]" started-at="2022-12-30T01:07:30 ICT" name="tearDownMethod" finished-at="2022-12-30T01:07:31 ICT" duration-ms="1333" status="PASS">
          <params>
            <param index="0">
              <value>
                <![CDATA[[TestResult name=MODULE5_04 status=SUCCESS method=DetailInformation.MODULE5_04()[pri:0, instance:TestSuite.DetailInformation@5b12b668] output={null}]]]>
              </value>
            </param>
            <param index="1">
              <value>
                <![CDATA[public void TestSuite.DetailInformation.MODULE5_04() throws java.io.IOException]]>
              </value>
            </param>
          </params>
          <reporter-output>
          </reporter-output>
        </test-method> <!-- tearDownMethod -->
        <test-method is-config="true" signature="afterMethod(org.testng.ITestResult, java.lang.reflect.Method)[pri:0, instance:TestSuite.DetailInformation@5b12b668]" started-at="2022-12-30T01:07:31 ICT" name="afterMethod" finished-at="2022-12-30T01:07:31 ICT" duration-ms="3" status="PASS">
          <params>
            <param index="0">
              <value>
                <![CDATA[[TestResult name=MODULE5_04 status=SUCCESS method=DetailInformation.MODULE5_04()[pri:0, instance:TestSuite.DetailInformation@5b12b668] output={null}]]]>
              </value>
            </param>
            <param index="1">
              <value>
                <![CDATA[public void TestSuite.DetailInformation.MODULE5_04() throws java.io.IOException]]>
              </value>
            </param>
          </params>
          <reporter-output>
          </reporter-output>
        </test-method> <!-- afterMethod -->
      </class> <!-- TestSuite.DetailInformation -->
    </test> <!-- Test1 -->
  </suite> <!-- Suite -->
</testng-results>
