<?xml version="1.0" encoding="UTF-8"?>
<!-- Generated by org.testng.reporters.JUnitXMLReporter -->
<testsuite ignored="0" hostname="hoang-ngoc-anh" failures="4" tests="8" name="Test1" time="28.816" errors="0" timestamp="2022-12-29T21:30:17 ICT">
  <testcase classname="TestSuite.Register" name="MODULE4_01" time="0.893">
    <failure type="java.lang.AssertionError" message="Value is not correct: Expected: &amp;quot;Vui lòng nhập email của bạn&amp;quot;; Actual: &amp;quot;Email không đúng định dạng!&amp;quot;">
      <![CDATA[java.lang.AssertionError: Value is not correct: Expected: "Vui lòng nhập email của bạn"; Actual: "Email không đúng định dạng!"
at Common.Utilities.assertString(Utilities.java:455)
at Common.Utilities.assertTextValue(Utilities.java:390)
at Common.Utilities.assertTextValueVisible(Utilities.java:402)
at CommonScreen.HomeScreen.register(HomeScreen.java:63)
at TestSuite.Register.MODULE4_01(Register.java:31)
... Removed 26 stack frames]]>
    </failure>
  </testcase> <!-- MODULE4_01 -->
  <testcase classname="TestSuite.Register" name="MODULE4_02" time="0.898">
    <failure type="java.lang.AssertionError" message="Value is not correct: Expected: &amp;quot;Cảm ơn bạn đã đăng ký nhận thông báo&amp;quot;; Actual: &amp;quot;Cảm ơn bạn đã đăng kí nhận thông tin từ Medica!&amp;quot;">
      <![CDATA[java.lang.AssertionError: Value is not correct: Expected: "Cảm ơn bạn đã đăng ký nhận thông báo"; Actual: "Cảm ơn bạn đã đăng kí nhận thông tin từ Medica!"
at Common.Utilities.assertString(Utilities.java:455)
at Common.Utilities.assertTextValue(Utilities.java:390)
at Common.Utilities.assertTextValueVisible(Utilities.java:402)
at CommonScreen.HomeScreen.register(HomeScreen.java:63)
at TestSuite.Register.MODULE4_02(Register.java:36)
... Removed 26 stack frames]]>
    </failure>
  </testcase> <!-- MODULE4_02 -->
  <testcase classname="TestSuite.Register" name="MODULE4_03" time="1.011">
    <failure type="java.lang.AssertionError" message="Value is not correct: Expected: &amp;quot;Cảm ơn bạn đã đăng ký nhận thông báo&amp;quot;; Actual: &amp;quot;Cảm ơn bạn đã đăng kí nhận thông tin từ Medica!&amp;quot;">
      <![CDATA[java.lang.AssertionError: Value is not correct: Expected: "Cảm ơn bạn đã đăng ký nhận thông báo"; Actual: "Cảm ơn bạn đã đăng kí nhận thông tin từ Medica!"
at Common.Utilities.assertString(Utilities.java:455)
at Common.Utilities.assertTextValue(Utilities.java:390)
at Common.Utilities.assertTextValueVisible(Utilities.java:402)
at CommonScreen.HomeScreen.register(HomeScreen.java:63)
at TestSuite.Register.MODULE4_03(Register.java:41)
... Removed 26 stack frames]]>
    </failure>
  </testcase> <!-- MODULE4_03 -->
  <testcase classname="TestSuite.Register" name="MODULE4_04" time="0.832"/>
  <testcase classname="TestSuite.Register" name="MODULE4_05" time="0.724"/>
  <testcase classname="TestSuite.Register" name="MODULE4_06" time="1.225"/>
  <testcase classname="TestSuite.Register" name="MODULE4_07" time="0.731"/>
  <testcase classname="TestSuite.Register" name="MODULE4_08" time="0.282">
    <failure type="java.lang.AssertionError" message="Value is not correct: Expected: &amp;quot;test@gmail.com&amp;quot;; Actual: &amp;quot;  test@gmail.com   &amp;quot;">
      <![CDATA[java.lang.AssertionError: Value is not correct: Expected: "test@gmail.com"; Actual: "  test@gmail.com   "
at Common.Utilities.assertString(Utilities.java:455)
at Common.Utilities.assertInputValue(Utilities.java:420)
at Common.Utilities.inputValueAndValidate(Utilities.java:302)
at CommonScreen.HomeScreen.register(HomeScreen.java:60)
at TestSuite.Register.MODULE4_08(Register.java:66)
... Removed 26 stack frames]]>
    </failure>
  </testcase> <!-- MODULE4_08 -->
</testsuite> <!-- Test1 -->
