<?xml version="1.0" encoding="UTF-8"?>
<!-- Generated by org.testng.reporters.JUnitXMLReporter -->
<testsuite ignored="0" hostname="anhhn-HP-EliteBook-8470p" failures="1" tests="16" name="Test1" time="100.96" errors="0" timestamp="2022-11-07T01:03:14 ICT">
  <testcase classname="TestSuite.Contact" name="MODULE1_01" time="8.083"/>
  <testcase classname="TestSuite.Contact" name="MODULE1_02" time="4.346"/>
  <testcase classname="TestSuite.Contact" name="MODULE1_03" time="4.171"/>
  <testcase classname="TestSuite.Contact" name="MODULE1_04" time="8.014"/>
  <testcase classname="TestSuite.Contact" name="MODULE1_05" time="4.137"/>
  <testcase classname="TestSuite.Contact" name="MODULE1_06" time="4.031"/>
  <testcase classname="TestSuite.Contact" name="MODULE1_07" time="4.026"/>
  <testcase classname="TestSuite.Contact" name="MODULE1_08" time="4.099"/>
  <testcase classname="TestSuite.Contact" name="MODULE1_09" time="4.182"/>
  <testcase classname="TestSuite.Contact" name="MODULE1_10" time="7.911"/>
  <testcase classname="TestSuite.Contact" name="MODULE1_11" time="4.127"/>
  <testcase classname="TestSuite.Contact" name="MODULE1_12" time="4.06"/>
  <testcase classname="TestSuite.Contact" name="MODULE1_13" time="4.108"/>
  <testcase classname="TestSuite.Contact" name="MODULE1_14" time="4.077"/>
  <testcase classname="TestSuite.Contact" name="MODULE1_15" time="0.934">
    <failure type="java.lang.AssertionError" message="Value is not correct: Expected: &amp;quot;test@gmail.com&amp;quot;; Actual: &amp;quot; test@gmail.com &amp;quot;">
      <![CDATA[java.lang.AssertionError: Value is not correct: Expected: "test@gmail.com"; Actual: " test@gmail.com "
at Common.Utilities.assertString(Utilities.java:455)
at Common.Utilities.assertInputValue(Utilities.java:420)
at Common.Utilities.inputValueAndValidate(Utilities.java:302)
at CommonScreen.ContactScreen.contact(ContactScreen.java:53)
at TestSuite.Contact.MODULE1_15(Contact.java:101)
... Removed 26 stack frames]]>
    </failure>
  </testcase> <!-- MODULE1_15 -->
  <testcase classname="TestSuite.Contact" name="MODULE1_16" time="4.047"/>
</testsuite> <!-- Test1 -->
